Using pre-set license
Built from '2020.3/release' branch; Version is '2020.3.12f1 (b3b2c6512326) revision 11776710'; Using compiler version '192528614'; Build Type 'Release'
OS: 'Windows 10 Home; OS build 19043.1165; Version 2009; 64bit' Language: 'zh' Physical Memory: 8073 MB
BatchMode: 1, IsHumanControllingUs: 0, StartBugReporterOnCrash: 0, Is64bit: 1, IsPro: 0

 COMMAND LINE ARGUMENTS:
E:\Unity\2020.3.12f1\Editor\Unity.exe
-adb2
-batchMode
-noUpm
-name
AssetImportWorker0
-projectPath
E:/Unity/Unit 2/Proyect/Gato-Egipcio-Proyect-Repo/Egyptian-Cat-Work-0821
-logFile
Logs/AssetImportWorker0.log
-srvPort
52572
Successfully changed project path to: E:/Unity/Unit 2/Proyect/Gato-Egipcio-Proyect-Repo/Egyptian-Cat-Work-0821
E:/Unity/Unit 2/Proyect/Gato-Egipcio-Proyect-Repo/Egyptian-Cat-Work-0821
Using Asset Import Pipeline V2.
Refreshing native plugins compatible for Editor in 327.54 ms, found 2 plugins.
Preloading 0 native plugins for Editor in 0.00 ms.
Initialize engine version: 2020.3.12f1 (b3b2c6512326)
[Subsystems] Discovering subsystems at path E:/Unity/2020.3.12f1/Editor/Data/Resources/UnitySubsystems
[Subsystems] Discovering subsystems at path E:/Unity/Unit 2/Proyect/Gato-Egipcio-Proyect-Repo/Egyptian-Cat-Work-0821/Assets
GfxDevice: creating device client; threaded=0
Direct3D:
    Version:  Direct3D 11.0 [level 11.1]
    Renderer: Intel(R) HD Graphics 520 (ID=0x1916)
    Vendor:   
    VRAM:     4036 MB
    Driver:   22.20.16.4691
Initialize mono
Mono path[0] = 'E:/Unity/2020.3.12f1/Editor/Data/Managed'
Mono path[1] = 'E:/Unity/2020.3.12f1/Editor/Data/MonoBleedingEdge/lib/mono/unityjit'
Mono config path = 'E:/Unity/2020.3.12f1/Editor/Data/MonoBleedingEdge/etc'
Using monoOptions --debugger-agent=transport=dt_socket,embedding=1,server=y,suspend=n,address=127.0.0.1:56852
Begin MonoManager ReloadAssembly
Registering precompiled unity dll's ...
Register platform support module: E:/Unity/2020.3.12f1/Editor/Data/PlaybackEngines/WindowsStandaloneSupport/UnityEditor.WindowsStandalone.Extensions.dll
Registered in 0.033419 seconds.
Native extension for WindowsStandalone target not found
Refreshing native plugins compatible for Editor in 90.74 ms, found 2 plugins.
Preloading 0 native plugins for Editor in 0.00 ms.
Mono: successfully reloaded assembly
- Completed reload, in  4.894 seconds
Platform modules already initialized, skipping
Registering precompiled user dll's ...
Registered in 0.154412 seconds.
Begin MonoManager ReloadAssembly
Native extension for WindowsStandalone target not found
Refreshing native plugins compatible for Editor in 1.04 ms, found 2 plugins.
Preloading 0 native plugins for Editor in 0.00 ms.
Mono: successfully reloaded assembly
- Completed reload, in  2.512 seconds
Platform modules already initialized, skipping
========================================================================
Worker process is ready to serve import requests
Launched and connected shader compiler UnityShaderCompiler.exe after 0.22 seconds
Refreshing native plugins compatible for Editor in 1.62 ms, found 2 plugins.
Preloading 0 native plugins for Editor in 0.00 ms.
Unloading 1943 Unused Serialized files (Serialized files now loaded: 0)
System memory in use before: 93.6 MB.
System memory in use after: 93.7 MB.

Unloading 58 unused Assets to reduce memory usage. Loaded Objects now: 2364.
Total: 12.630300 ms (FindLiveObjects: 0.403900 ms CreateObjectMapping: 0.187300 ms MarkObjects: 11.881100 ms  DeleteObjects: 0.155500 ms)

AssetImportParameters requested are different than current active one (requested -> active):
  custom:framework-win-MediaFoundation: 216162199b28c13a410421893ffa2e32 -> 
  custom:video-decoder-ogg-theora: a1e56fd34408186e4bbccfd4996cb3dc -> 
  custom:container-muxer-webm: aa71ff27fc2769a1b78a27578f13a17b -> 
  custom:container-demuxer-webm: 4f35f7cbe854078d1ac9338744f61a02 -> 
  custom:container-demuxer-ogg: 62fdf1f143b41e24485cea50d1cbac27 -> 
  custom:video-encoder-webm-vp8: eb34c28f22e8b96e1ab97ce403110664 -> 
  custom:video-codec-MediaFoundation-h265: 746d11721c4dcdbdad8f713fa42b33f4 -> 
  custom:video-decoder-webm-vp8: 9c59270c3fd7afecdb556c50c9e8de78 -> 
  custom:audio-decoder-ogg-vorbis: bf7c407c2cedff20999df2af8eb42d56 -> 
  custom:audio-encoder-webm-vorbis: bf7c407c2cedff20999df2af8eb42d56 -> 
========================================================================
Received Import Request.
  path: Assets/Art/Menus.json
  artifactKey: Guid(e72eb13f4a634445e98f5da0ed4f0822) Importer(815301076,1909f56bfc062723c751e8b465ee728b)
Start importing Assets/Art/Menus.json using Guid(e72eb13f4a634445e98f5da0ed4f0822) Importer(815301076,1909f56bfc062723c751e8b465ee728b)  -> (artifact id: '1f52f95c93c1a49386741100ab89fed2') in 0.262564 seconds 
  Import took 0.348331 seconds .

========================================================================
Received Import Request.
  Time since last request: 467.916378 seconds.
  path: Assets/Art/Layers/blur.mat
  artifactKey: Guid(e67a1ccf346794943850d7e591169efe) Importer(815301076,1909f56bfc062723c751e8b465ee728b)
Start importing Assets/Art/Layers/blur.mat using Guid(e67a1ccf346794943850d7e591169efe) Importer(815301076,1909f56bfc062723c751e8b465ee728b)  -> (artifact id: 'd327222fe512f268d568a91d99b85a3a') in 37.101400 seconds 
  Import took 37.149243 seconds .

========================================================================
Received Import Request.
  Time since last request: 0.029290 seconds.
  path: Assets/Art/Layers/blur.mat
  artifactKey: Guid(e67a1ccf346794943850d7e591169efe) Importer(815301076,1909f56bfc062723c751e8b465ee728b)
Start importing Assets/Art/Layers/blur.mat using Guid(e67a1ccf346794943850d7e591169efe) Importer(815301076,1909f56bfc062723c751e8b465ee728b)  -> (artifact id: 'd327222fe512f268d568a91d99b85a3a') in 0.038698 seconds 
  Import took 0.057746 seconds .

========================================================================
Received Import Request.
  Time since last request: 10611.492922 seconds.
  path: Assets/Scripts/AnimatorFunctions.cs
  artifactKey: Guid(dce8674ab06ca40cea0d93549e34c9d1) Importer(815301076,1909f56bfc062723c751e8b465ee728b)
Start importing Assets/Scripts/AnimatorFunctions.cs using Guid(dce8674ab06ca40cea0d93549e34c9d1) Importer(815301076,1909f56bfc062723c751e8b465ee728b)  -> (artifact id: 'bd624883f3b39069d93c4f705e822ba2') in 0.043934 seconds 
  Import took 0.124483 seconds .

========================================================================
Received Prepare
Registering precompiled user dll's ...
Registered in 0.054972 seconds.
Begin MonoManager ReloadAssembly
Native extension for WindowsStandalone target not found
Refreshing native plugins compatible for Editor in 0.94 ms, found 2 plugins.
Preloading 0 native plugins for Editor in 0.00 ms.
Mono: successfully reloaded assembly
- Completed reload, in  2.001 seconds
Platform modules already initialized, skipping
Refreshing native plugins compatible for Editor in 1.44 ms, found 2 plugins.
Preloading 0 native plugins for Editor in 0.00 ms.
Unloading 1937 Unused Serialized files (Serialized files now loaded: 0)
System memory in use before: 96.8 MB.
System memory in use after: 96.9 MB.

Unloading 50 unused Assets to reduce memory usage. Loaded Objects now: 2407.
Total: 13.032500 ms (FindLiveObjects: 1.037700 ms CreateObjectMapping: 0.159500 ms MarkObjects: 11.578600 ms  DeleteObjects: 0.253300 ms)

AssetImportParameters requested are different than current active one (requested -> active):
  custom:framework-win-MediaFoundation: 216162199b28c13a410421893ffa2e32 -> 
  custom:video-decoder-ogg-theora: a1e56fd34408186e4bbccfd4996cb3dc -> 
  custom:container-muxer-webm: aa71ff27fc2769a1b78a27578f13a17b -> 
  custom:container-demuxer-webm: 4f35f7cbe854078d1ac9338744f61a02 -> 
  custom:container-demuxer-ogg: 62fdf1f143b41e24485cea50d1cbac27 -> 
  custom:video-encoder-webm-vp8: eb34c28f22e8b96e1ab97ce403110664 -> 
  custom:video-codec-MediaFoundation-h265: 746d11721c4dcdbdad8f713fa42b33f4 -> 
  custom:video-decoder-webm-vp8: 9c59270c3fd7afecdb556c50c9e8de78 -> 
  custom:audio-decoder-ogg-vorbis: bf7c407c2cedff20999df2af8eb42d56 -> 
  custom:audio-encoder-webm-vorbis: bf7c407c2cedff20999df2af8eb42d56 -> 
========================================================================
Received Import Request.
  Time since last request: 963.510263 seconds.
  path: Assets/Art/Layers/Selection-Pixelsv2.png
  artifactKey: Guid(9dd2889a168f934499bc7294ca46e6a0) Importer(815301076,1909f56bfc062723c751e8b465ee728b)
Start importing Assets/Art/Layers/Selection-Pixelsv2.png using Guid(9dd2889a168f934499bc7294ca46e6a0) Importer(815301076,1909f56bfc062723c751e8b465ee728b)  -> (artifact id: '535cab443c6efaf2d05e17eaed6f1ace') in 0.374001 seconds 
  Import took 0.401382 seconds .

========================================================================
Received Prepare
Registering precompiled user dll's ...
Registered in 0.053438 seconds.
Begin MonoManager ReloadAssembly
Native extension for WindowsStandalone target not found
Refreshing native plugins compatible for Editor in 1.48 ms, found 2 plugins.
Preloading 0 native plugins for Editor in 0.00 ms.
Mono: successfully reloaded assembly
- Completed reload, in  2.200 seconds
Platform modules already initialized, skipping
Refreshing native plugins compatible for Editor in 1.80 ms, found 2 plugins.
Preloading 0 native plugins for Editor in 0.00 ms.
Unloading 1937 Unused Serialized files (Serialized files now loaded: 0)
System memory in use before: 96.8 MB.
System memory in use after: 96.9 MB.

Unloading 49 unused Assets to reduce memory usage. Loaded Objects now: 2414.
Total: 16.793700 ms (FindLiveObjects: 0.416700 ms CreateObjectMapping: 0.178900 ms MarkObjects: 16.129000 ms  DeleteObjects: 0.064700 ms)

AssetImportParameters requested are different than current active one (requested -> active):
  custom:framework-win-MediaFoundation: 216162199b28c13a410421893ffa2e32 -> 
  custom:video-decoder-ogg-theora: a1e56fd34408186e4bbccfd4996cb3dc -> 
  custom:container-muxer-webm: aa71ff27fc2769a1b78a27578f13a17b -> 
  custom:container-demuxer-webm: 4f35f7cbe854078d1ac9338744f61a02 -> 
  custom:container-demuxer-ogg: 62fdf1f143b41e24485cea50d1cbac27 -> 
  custom:video-encoder-webm-vp8: eb34c28f22e8b96e1ab97ce403110664 -> 
  custom:video-codec-MediaFoundation-h265: 746d11721c4dcdbdad8f713fa42b33f4 -> 
  custom:video-decoder-webm-vp8: 9c59270c3fd7afecdb556c50c9e8de78 -> 
  custom:audio-decoder-ogg-vorbis: bf7c407c2cedff20999df2af8eb42d56 -> 
  custom:audio-encoder-webm-vorbis: bf7c407c2cedff20999df2af8eb42d56 -> 
AssetImportWorkerClient::OnTransportError - code=2 error=End of file
